Determining if the pthread_create exist failed with the following output:
Change Dir: /home/rock/Projects/ROS/programming_ros/build/CMakeFiles/CMakeTmp

Run Build Command:/usr/bin/make "cmTryCompileExec3652651087/fast"
/usr/bin/make -f CMakeFiles/cmTryCompileExec3652651087.dir/build.make CMakeFiles/cmTryCompileExec3652651087.dir/build
make[1]: Entering directory `/home/rock/Projects/ROS/programming_ros/build/CMakeFiles/CMakeTmp'
/usr/bin/cmake -E cmake_progress_report /home/rock/Projects/ROS/programming_ros/build/CMakeFiles/CMakeTmp/CMakeFiles 1
Building C object CMakeFiles/cmTryCompileExec3652651087.dir/CheckSymbolExists.c.o
/usr/bin/cc    -o CMakeFiles/cmTryCompileExec3652651087.dir/CheckSymbolExists.c.o   -c /home/rock/Projects/ROS/programming_ros/build/CMakeFiles/CMakeTmp/CheckSymbolExists.c
Linking C executable cmTryCompileExec3652651087
/usr/bin/cmake -E cmake_link_script CMakeFiles/cmTryCompileExec3652651087.dir/link.txt --verbose=1
/usr/bin/cc       CMakeFiles/cmTryCompileExec3652651087.dir/CheckSymbolExists.c.o  -o cmTryCompileExec3652651087 -rdynamic 
CMakeFiles/cmTryCompileExec3652651087.dir/CheckSymbolExists.c.o: In function `main':
CheckSymbolExists.c:(.text+0xe): undefined reference to `pthread_create'
CheckSymbolExists.c:(.text+0x12): undefined reference to `pthread_create'
collect2: error: ld returned 1 exit status
make[1]: Leaving directory `/home/rock/Projects/ROS/programming_ros/build/CMakeFiles/CMakeTmp'
make[1]: *** [cmTryCompileExec3652651087] Error 1
make: *** [cmTryCompileExec3652651087/fast] Error 2

File /home/rock/Projects/ROS/programming_ros/build/CMakeFiles/CMakeTmp/CheckSymbolExists.c:
/* */
#include <pthread.h>

int main(int argc, char** argv)
{
  (void)argv;
#ifndef pthread_create
  return ((int*)(&pthread_create))[argc];
#else
  (void)argc;
  return 0;
#endif
}

Determining if the function pthread_create exists in the pthreads failed with the following output:
Change Dir: /home/rock/Projects/ROS/programming_ros/build/CMakeFiles/CMakeTmp

Run Build Command:/usr/bin/make "cmTryCompileExec2704637204/fast"
/usr/bin/make -f CMakeFiles/cmTryCompileExec2704637204.dir/build.make CMakeFiles/cmTryCompileExec2704637204.dir/build
make[1]: Entering directory `/home/rock/Projects/ROS/programming_ros/build/CMakeFiles/CMakeTmp'
/usr/bin/cmake -E cmake_progress_report /home/rock/Projects/ROS/programming_ros/build/CMakeFiles/CMakeTmp/CMakeFiles 1
Building C object CMakeFiles/cmTryCompileExec2704637204.dir/CheckFunctionExists.c.o
/usr/bin/cc   -DCHECK_FUNCTION_EXISTS=pthread_create   -o CMakeFiles/cmTryCompileExec2704637204.dir/CheckFunctionExists.c.o   -c /usr/share/cmake-2.8/Modules/CheckFunctionExists.c
Linking C executable cmTryCompileExec2704637204
/usr/bin/cmake -E cmake_link_script CMakeFiles/cmTryCompileExec2704637204.dir/link.txt --verbose=1
/usr/bin/cc   -DCHECK_FUNCTION_EXISTS=pthread_create    CMakeFiles/cmTryCompileExec2704637204.dir/CheckFunctionExists.c.o  -o cmTryCompileExec2704637204 -rdynamic -lpthreads 
/usr/bin/ld: cannot find -lpthreads
collect2: error: ld returned 1 exit status
make[1]: Leaving directory `/home/rock/Projects/ROS/programming_ros/build/CMakeFiles/CMakeTmp'
make[1]: *** [cmTryCompileExec2704637204] Error 1
make: *** [cmTryCompileExec2704637204/fast] Error 2


